<?xml version="1.0" encoding="UTF-8"?>
<coverage generated="1613939020">
  <project timestamp="1613939020">
    <file name="D:\Code\ProjectCode\kodektif\api\app\Console\Commands\GenerateCoverage.php">
      <class name="App\Console\Commands\GenerateCoverage" namespace="global">
        <metrics complexity="4" methods="2" coveredmethods="1" conditionals="0" coveredconditionals="0" statements="7" coveredstatements="1" elements="9" coveredelements="2"/>
      </class>
      <line num="29" type="method" name="__construct" visibility="public" complexity="1" crap="1" count="44"/>
      <line num="31" type="stmt" count="44"/>
      <line num="39" type="method" name="handle" visibility="public" complexity="3" crap="12" count="0"/>
      <line num="41" type="stmt" count="0"/>
      <line num="42" type="stmt" count="0"/>
      <line num="44" type="stmt" count="0"/>
      <line num="45" type="stmt" count="0"/>
      <line num="46" type="stmt" count="0"/>
      <line num="48" type="stmt" count="0"/>
      <metrics loc="52" ncloc="32" classes="1" methods="2" coveredmethods="1" conditionals="0" coveredconditionals="0" statements="7" coveredstatements="1" elements="9" coveredelements="2"/>
    </file>
    <file name="D:\Code\ProjectCode\kodektif\api\app\Console\Kernel.php">
      <class name="App\Console\Kernel" namespace="global">
        <metrics complexity="2" methods="2" coveredmethods="1" conditionals="0" coveredconditionals="0" statements="3" coveredstatements="2" elements="5" coveredelements="3"/>
      </class>
      <line num="25" type="method" name="schedule" visibility="protected" complexity="1" crap="2" count="0"/>
      <line num="35" type="method" name="commands" visibility="protected" complexity="1" crap="1" count="69"/>
      <line num="37" type="stmt" count="69"/>
      <line num="39" type="stmt" count="69"/>
      <metrics loc="41" ncloc="25" classes="1" methods="2" coveredmethods="1" conditionals="0" coveredconditionals="0" statements="3" coveredstatements="2" elements="5" coveredelements="3"/>
    </file>
    <file name="D:\Code\ProjectCode\kodektif\api\app\Events\ArticleLikedEvent.php">
      <class name="App\Events\ArticleLikedEvent" namespace="global">
        <metrics complexity="2" methods="2" coveredmethods="1" conditionals="0" coveredconditionals="0" statements="3" coveredstatements="2" elements="5" coveredelements="3"/>
      </class>
      <line num="24" type="method" name="__construct" visibility="public" complexity="1" crap="1" count="6"/>
      <line num="26" type="stmt" count="6"/>
      <line num="34" type="method" name="broadcastOn" visibility="public" complexity="1" crap="2" count="0"/>
      <line num="36" type="stmt" count="0"/>
      <metrics loc="38" ncloc="28" classes="1" methods="2" coveredmethods="1" conditionals="0" coveredconditionals="0" statements="3" coveredstatements="2" elements="5" coveredelements="3"/>
    </file>
    <file name="D:\Code\ProjectCode\kodektif\api\app\Events\PostVotedEvent.php">
      <class name="App\Events\PostVotedEvent" namespace="global">
        <metrics complexity="2" methods="2" coveredmethods="1" conditionals="0" coveredconditionals="0" statements="4" coveredstatements="3" elements="6" coveredelements="4"/>
      </class>
      <line num="25" type="method" name="__construct" visibility="public" complexity="1" crap="1" count="14"/>
      <line num="27" type="stmt" count="14"/>
      <line num="28" type="stmt" count="14"/>
      <line num="36" type="method" name="broadcastOn" visibility="public" complexity="1" crap="2" count="0"/>
      <line num="38" type="stmt" count="0"/>
      <metrics loc="40" ncloc="30" classes="1" methods="2" coveredmethods="1" conditionals="0" coveredconditionals="0" statements="4" coveredstatements="3" elements="6" coveredelements="4"/>
    </file>
    <file name="D:\Code\ProjectCode\kodektif\api\app\Exceptions\Handler.php">
      <class name="App\Exceptions\Handler" namespace="global">
        <metrics complexity="1" methods="1" coveredmethods="1" conditionals="0" coveredconditionals="0" statements="2" coveredstatements="2" elements="3" coveredelements="3"/>
      </class>
      <line num="34" type="method" name="register" visibility="public" complexity="1" crap="1" count="69"/>
      <line num="36" type="stmt" count="69"/>
      <line num="38" type="stmt" count="69"/>
      <metrics loc="40" ncloc="25" classes="1" methods="1" coveredmethods="1" conditionals="0" coveredconditionals="0" statements="2" coveredstatements="2" elements="3" coveredelements="3"/>
    </file>
    <file name="D:\Code\ProjectCode\kodektif\api\app\Helpers\Auth.php">
      <line num="11" type="stmt" count="37"/>
      <line num="19" type="stmt" count="24"/>
      <line num="27" type="stmt" count="37"/>
      <line num="29" type="stmt" count="37"/>
      <line num="31" type="stmt" count="37"/>
      <metrics loc="32" ncloc="23" classes="0" methods="0" coveredmethods="0" conditionals="0" coveredconditionals="0" statements="5" coveredstatements="5" elements="5" coveredelements="5"/>
    </file>
    <file name="D:\Code\ProjectCode\kodektif\api\app\Http\Controllers\Article\ArticleController.php">
      <class name="App\Http\Controllers\Article\ArticleController" namespace="global">
        <metrics complexity="8" methods="6" coveredmethods="4" conditionals="0" coveredconditionals="0" statements="43" coveredstatements="33" elements="49" coveredelements="37"/>
      </class>
      <line num="19" type="method" name="__construct" visibility="public" complexity="1" crap="1" count="8"/>
      <line num="21" type="stmt" count="8"/>
      <line num="22" type="stmt" count="8"/>
      <line num="29" type="method" name="index" visibility="public" complexity="1" crap="1" count="1"/>
      <line num="31" type="stmt" count="1"/>
      <line num="32" type="stmt" count="1"/>
      <line num="42" type="method" name="store" visibility="public" complexity="2" crap="2.12" count="6"/>
      <line num="44" type="stmt" count="6"/>
      <line num="45" type="stmt" count="6"/>
      <line num="46" type="stmt" count="6"/>
      <line num="49" type="stmt" count="6"/>
      <line num="51" type="stmt" count="6"/>
      <line num="52" type="stmt" count="6"/>
      <line num="54" type="stmt" count="6"/>
      <line num="55" type="stmt" count="6"/>
      <line num="57" type="stmt" count="6"/>
      <line num="58" type="stmt" count="0"/>
      <line num="59" type="stmt" count="0"/>
      <line num="61" type="stmt" count="0"/>
      <line num="62" type="stmt" count="0"/>
      <line num="63" type="stmt" count="0"/>
      <line num="66" type="stmt" count="6"/>
      <line num="75" type="method" name="show" visibility="public" complexity="1" crap="1" count="1"/>
      <line num="77" type="stmt" count="1"/>
      <line num="87" type="method" name="update" visibility="public" complexity="2" crap="2.10" count="2"/>
      <line num="89" type="stmt" count="2"/>
      <line num="90" type="stmt" count="2"/>
      <line num="93" type="stmt" count="1"/>
      <line num="95" type="stmt" count="1"/>
      <line num="97" type="stmt" count="1"/>
      <line num="98" type="stmt" count="1"/>
      <line num="100" type="stmt" count="1"/>
      <line num="102" type="stmt" count="1"/>
      <line num="103" type="stmt" count="0"/>
      <line num="104" type="stmt" count="0"/>
      <line num="106" type="stmt" count="0"/>
      <line num="107" type="stmt" count="0"/>
      <line num="108" type="stmt" count="0"/>
      <line num="111" type="stmt" count="1"/>
      <line num="112" type="stmt" count="1"/>
      <line num="113" type="stmt" count="1"/>
      <line num="122" type="method" name="destroy" visibility="public" complexity="1" crap="1" count="2"/>
      <line num="124" type="stmt" count="2"/>
      <line num="126" type="stmt" count="1"/>
      <line num="127" type="stmt" count="1"/>
      <metrics loc="129" ncloc="99" classes="1" methods="6" coveredmethods="4" conditionals="0" coveredconditionals="0" statements="43" coveredstatements="33" elements="49" coveredelements="37"/>
    </file>
    <file name="D:\Code\ProjectCode\kodektif\api\app\Http\Controllers\Article\ArticleLikeController.php">
      <class name="App\Http\Controllers\Article\ArticleLikeController" namespace="global">
        <metrics complexity="3" methods="3" coveredmethods="3" conditionals="0" coveredconditionals="0" statements="8" coveredstatements="8" elements="11" coveredelements="11"/>
      </class>
      <line num="18" type="method" name="__construct" visibility="public" complexity="1" crap="1" count="7"/>
      <line num="20" type="stmt" count="7"/>
      <line num="28" type="method" name="store" visibility="public" complexity="1" crap="1" count="6"/>
      <line num="30" type="stmt" count="6"/>
      <line num="32" type="stmt" count="6"/>
      <line num="34" type="stmt" count="6"/>
      <line num="43" type="method" name="destroy" visibility="public" complexity="1" crap="1" count="2"/>
      <line num="45" type="stmt" count="2"/>
      <line num="47" type="stmt" count="2"/>
      <metrics loc="49" ncloc="37" classes="1" methods="3" coveredmethods="3" conditionals="0" coveredconditionals="0" statements="8" coveredstatements="8" elements="11" coveredelements="11"/>
    </file>
    <file name="D:\Code\ProjectCode\kodektif\api\app\Http\Controllers\CategoryController.php">
      <class name="App\Http\Controllers\CategoryController" namespace="global">
        <metrics complexity="6" methods="6" coveredmethods="4" conditionals="0" coveredconditionals="0" statements="17" coveredstatements="14" elements="23" coveredelements="18"/>
      </class>
      <line num="15" type="method" name="__construct" visibility="public" complexity="1" crap="1" count="6"/>
      <line num="17" type="stmt" count="6"/>
      <line num="18" type="stmt" count="6"/>
      <line num="26" type="method" name="index" visibility="public" complexity="1" crap="1" count="1"/>
      <line num="28" type="stmt" count="1"/>
      <line num="29" type="stmt" count="1"/>
      <line num="30" type="stmt" count="1"/>
      <line num="31" type="stmt" count="1"/>
      <line num="41" type="method" name="store" visibility="public" complexity="1" crap="1" count="1"/>
      <line num="43" type="stmt" count="1"/>
      <line num="44" type="stmt" count="1"/>
      <line num="45" type="stmt" count="1"/>
      <line num="54" type="method" name="show" visibility="public" complexity="1" crap="2" count="0"/>
      <line num="56" type="stmt" count="0"/>
      <line num="66" type="method" name="update" visibility="public" complexity="1" crap="1" count="1"/>
      <line num="68" type="stmt" count="1"/>
      <line num="69" type="stmt" count="1"/>
      <line num="70" type="stmt" count="1"/>
      <line num="79" type="method" name="destroy" visibility="public" complexity="1" crap="2" count="0"/>
      <metrics loc="83" ncloc="53" classes="1" methods="6" coveredmethods="4" conditionals="0" coveredconditionals="0" statements="17" coveredstatements="14" elements="23" coveredelements="18"/>
    </file>
    <file name="D:\Code\ProjectCode\kodektif\api\app\Http\Controllers\Controller.php">
      <class name="App\Http\Controllers\Controller" namespace="global">
        <metrics complexity="0" methods="0" coveredmethods="0" conditionals="0" coveredconditionals="0" statements="0" coveredstatements="0" elements="0" coveredelements="0"/>
      </class>
      <metrics loc="13" ncloc="13" classes="0" methods="0" coveredmethods="0" conditionals="0" coveredconditionals="0" statements="0" coveredstatements="0" elements="0" coveredelements="0"/>
    </file>
    <file name="D:\Code\ProjectCode\kodektif\api\app\Http\Controllers\DefaultWebController.php">
      <class name="App\Http\Controllers\DefaultWebController" namespace="global">
        <metrics complexity="1" methods="1" coveredmethods="1" conditionals="0" coveredconditionals="0" statements="2" coveredstatements="2" elements="3" coveredelements="3"/>
      </class>
      <line num="14" type="method" name="__invoke" visibility="public" complexity="1" crap="1" count="1"/>
      <line num="16" type="stmt" count="1"/>
      <metrics loc="18" ncloc="13" classes="1" methods="1" coveredmethods="1" conditionals="0" coveredconditionals="0" statements="2" coveredstatements="2" elements="3" coveredelements="3"/>
    </file>
    <file name="D:\Code\ProjectCode\kodektif\api\app\Http\Controllers\LanguageController.php">
      <class name="App\Http\Controllers\LanguageController" namespace="global">
        <metrics complexity="6" methods="6" coveredmethods="5" conditionals="0" coveredconditionals="0" statements="16" coveredstatements="14" elements="22" coveredelements="19"/>
      </class>
      <line num="14" type="method" name="__construct" visibility="public" complexity="1" crap="1" count="5"/>
      <line num="16" type="stmt" count="5"/>
      <line num="23" type="method" name="index" visibility="public" complexity="1" crap="1" count="1"/>
      <line num="25" type="stmt" count="1"/>
      <line num="34" type="method" name="store" visibility="public" complexity="1" crap="1" count="1"/>
      <line num="36" type="stmt" count="1"/>
      <line num="38" type="stmt" count="1"/>
      <line num="40" type="stmt" count="1"/>
      <line num="49" type="method" name="show" visibility="public" complexity="1" crap="2" count="0"/>
      <line num="51" type="stmt" count="0"/>
      <line num="61" type="method" name="update" visibility="public" complexity="1" crap="1" count="1"/>
      <line num="63" type="stmt" count="1"/>
      <line num="64" type="stmt" count="1"/>
      <line num="65" type="stmt" count="1"/>
      <line num="67" type="stmt" count="1"/>
      <line num="76" type="method" name="destroy" visibility="public" complexity="1" crap="1" count="1"/>
      <line num="78" type="stmt" count="1"/>
      <line num="79" type="stmt" count="1"/>
      <metrics loc="81" ncloc="51" classes="1" methods="6" coveredmethods="5" conditionals="0" coveredconditionals="0" statements="16" coveredstatements="14" elements="22" coveredelements="19"/>
    </file>
    <file name="D:\Code\ProjectCode\kodektif\api\app\Http\Controllers\LoginController.php">
      <class name="App\Http\Controllers\LoginController" namespace="global">
        <metrics complexity="8" methods="4" coveredmethods="0" conditionals="0" coveredconditionals="0" statements="30" coveredstatements="20" elements="34" coveredelements="20"/>
      </class>
      <line num="15" type="method" name="redirectToProvider" visibility="public" complexity="2" crap="2.03" count="1"/>
      <line num="17" type="stmt" count="1"/>
      <line num="18" type="stmt" count="1"/>
      <line num="19" type="stmt" count="0"/>
      <line num="22" type="stmt" count="1"/>
      <line num="25" type="method" name="handleProviderCallback" visibility="public" complexity="3" crap="3.05" count="1"/>
      <line num="27" type="stmt" count="1"/>
      <line num="28" type="stmt" count="1"/>
      <line num="29" type="stmt" count="0"/>
      <line num="33" type="stmt" count="1"/>
      <line num="34" type="stmt" count="0"/>
      <line num="35" type="stmt" count="0"/>
      <line num="43" type="stmt" count="1"/>
      <line num="45" type="stmt" count="1"/>
      <line num="48" type="stmt" count="1"/>
      <line num="49" type="stmt" count="1"/>
      <line num="54" type="stmt" count="1"/>
      <line num="56" type="stmt" count="1"/>
      <line num="57" type="stmt" count="1"/>
      <line num="60" type="stmt" count="1"/>
      <line num="64" type="stmt" count="1"/>
      <line num="67" type="stmt" count="1"/>
      <line num="70" type="method" name="validateProvider" visibility="protected" complexity="2" crap="2.15" count="2"/>
      <line num="72" type="stmt" count="2"/>
      <line num="73" type="stmt" count="0"/>
      <line num="77" type="method" name="logout" visibility="public" complexity="1" crap="2" count="0"/>
      <line num="79" type="stmt" count="0"/>
      <line num="80" type="stmt" count="0"/>
      <line num="81" type="stmt" count="0"/>
      <line num="82" type="stmt" count="0"/>
      <metrics loc="84" ncloc="77" classes="1" methods="4" coveredmethods="0" conditionals="0" coveredconditionals="0" statements="30" coveredstatements="20" elements="34" coveredelements="20"/>
    </file>
    <file name="D:\Code\ProjectCode\kodektif\api\app\Http\Controllers\MeController.php">
      <class name="App\Http\Controllers\MeController" namespace="global">
        <metrics complexity="1" methods="1" coveredmethods="0" conditionals="0" coveredconditionals="0" statements="2" coveredstatements="0" elements="3" coveredelements="0"/>
      </class>
      <line num="16" type="method" name="__invoke" visibility="public" complexity="1" crap="2" count="0"/>
      <line num="18" type="stmt" count="0"/>
      <metrics loc="20" ncloc="15" classes="1" methods="1" coveredmethods="0" conditionals="0" coveredconditionals="0" statements="2" coveredstatements="0" elements="3" coveredelements="0"/>
    </file>
    <file name="D:\Code\ProjectCode\kodektif\api\app\Http\Controllers\Post\MyPostController.php">
      <class name="App\Http\Controllers\Post\MyPostController" namespace="global">
        <metrics complexity="2" methods="2" coveredmethods="2" conditionals="0" coveredconditionals="0" statements="3" coveredstatements="3" elements="5" coveredelements="5"/>
      </class>
      <line num="11" type="method" name="__construct" visibility="public" complexity="1" crap="1" count="2"/>
      <line num="13" type="stmt" count="2"/>
      <line num="21" type="method" name="__invoke" visibility="public" complexity="1" crap="1" count="1"/>
      <line num="23" type="stmt" count="1"/>
      <line num="24" type="stmt" count="1"/>
      <metrics loc="26" ncloc="21" classes="1" methods="2" coveredmethods="2" conditionals="0" coveredconditionals="0" statements="3" coveredstatements="3" elements="5" coveredelements="5"/>
    </file>
    <file name="D:\Code\ProjectCode\kodektif\api\app\Http\Controllers\Post\PostComment\PostCommentController.php">
      <class name="App\Http\Controllers\Post\PostComment\PostCommentController" namespace="global">
        <metrics complexity="3" methods="3" coveredmethods="3" conditionals="0" coveredconditionals="0" statements="9" coveredstatements="9" elements="12" coveredelements="12"/>
      </class>
      <line num="13" type="method" name="__construct" visibility="public" complexity="1" crap="1" count="5"/>
      <line num="15" type="stmt" count="5"/>
      <line num="23" type="method" name="store" visibility="public" complexity="1" crap="1" count="4"/>
      <line num="25" type="stmt" count="4"/>
      <line num="27" type="stmt" count="4"/>
      <line num="29" type="stmt" count="4"/>
      <line num="38" type="method" name="destroy" visibility="public" complexity="1" crap="1" count="2"/>
      <line num="40" type="stmt" count="2"/>
      <line num="41" type="stmt" count="1"/>
      <line num="42" type="stmt" count="1"/>
      <metrics loc="44" ncloc="32" classes="1" methods="3" coveredmethods="3" conditionals="0" coveredconditionals="0" statements="9" coveredstatements="9" elements="12" coveredelements="12"/>
    </file>
    <file name="D:\Code\ProjectCode\kodektif\api\app\Http\Controllers\Post\PostController.php">
      <class name="App\Http\Controllers\Post\PostController" namespace="global">
        <metrics complexity="8" methods="6" coveredmethods="4" conditionals="0" coveredconditionals="0" statements="39" coveredstatements="31" elements="45" coveredelements="35"/>
      </class>
      <line num="18" type="method" name="__construct" visibility="public" complexity="1" crap="1" count="11"/>
      <line num="20" type="stmt" count="11"/>
      <line num="22" type="stmt" count="11"/>
      <line num="25" type="stmt" count="11"/>
      <line num="27" type="stmt" count="11"/>
      <line num="34" type="method" name="index" visibility="public" complexity="1" crap="1" count="2"/>
      <line num="36" type="stmt" count="2"/>
      <line num="45" type="method" name="store" visibility="public" complexity="2" crap="2.12" count="7"/>
      <line num="47" type="stmt" count="7"/>
      <line num="48" type="stmt" count="7"/>
      <line num="49" type="stmt" count="7"/>
      <line num="52" type="stmt" count="7"/>
      <line num="54" type="stmt" count="7"/>
      <line num="55" type="stmt" count="7"/>
      <line num="57" type="stmt" count="7"/>
      <line num="58" type="stmt" count="0"/>
      <line num="59" type="stmt" count="0"/>
      <line num="60" type="stmt" count="0"/>
      <line num="61" type="stmt" count="0"/>
      <line num="64" type="stmt" count="7"/>
      <line num="73" type="method" name="show" visibility="public" complexity="1" crap="1" count="3"/>
      <line num="75" type="stmt" count="3"/>
      <line num="85" type="method" name="update" visibility="public" complexity="2" crap="2.08" count="2"/>
      <line num="87" type="stmt" count="2"/>
      <line num="88" type="stmt" count="2"/>
      <line num="90" type="stmt" count="1"/>
      <line num="91" type="stmt" count="1"/>
      <line num="94" type="stmt" count="1"/>
      <line num="96" type="stmt" count="1"/>
      <line num="97" type="stmt" count="1"/>
      <line num="99" type="stmt" count="1"/>
      <line num="101" type="stmt" count="1"/>
      <line num="102" type="stmt" count="0"/>
      <line num="103" type="stmt" count="0"/>
      <line num="104" type="stmt" count="0"/>
      <line num="105" type="stmt" count="0"/>
      <line num="108" type="stmt" count="1"/>
      <line num="117" type="method" name="destroy" visibility="public" complexity="1" crap="1" count="2"/>
      <line num="119" type="stmt" count="2"/>
      <line num="121" type="stmt" count="1"/>
      <line num="122" type="stmt" count="1"/>
      <metrics loc="124" ncloc="94" classes="1" methods="6" coveredmethods="4" conditionals="0" coveredconditionals="0" statements="39" coveredstatements="31" elements="45" coveredelements="35"/>
    </file>
    <file name="D:\Code\ProjectCode\kodektif\api\app\Http\Controllers\Post\PostVoteController.php">
      <class name="App\Http\Controllers\Post\PostVoteController" namespace="global">
        <metrics complexity="4" methods="4" coveredmethods="4" conditionals="0" coveredconditionals="0" statements="19" coveredstatements="19" elements="23" coveredelements="23"/>
      </class>
      <line num="16" type="method" name="__construct" visibility="public" complexity="1" crap="1" count="14"/>
      <line num="18" type="stmt" count="14"/>
      <line num="19" type="stmt" count="14"/>
      <line num="28" type="method" name="store" visibility="public" complexity="1" crap="1" count="12"/>
      <line num="30" type="stmt" count="12"/>
      <line num="31" type="stmt" count="12"/>
      <line num="33" type="stmt" count="12"/>
      <line num="34" type="stmt" count="12"/>
      <line num="37" type="stmt" count="12"/>
      <line num="41" type="stmt" count="12"/>
      <line num="51" type="method" name="update" visibility="public" complexity="1" crap="1" count="2"/>
      <line num="53" type="stmt" count="2"/>
      <line num="54" type="stmt" count="2"/>
      <line num="56" type="stmt" count="1"/>
      <line num="57" type="stmt" count="1"/>
      <line num="59" type="stmt" count="1"/>
      <line num="68" type="method" name="destroy" visibility="public" complexity="1" crap="1" count="4"/>
      <line num="70" type="stmt" count="4"/>
      <line num="72" type="stmt" count="3"/>
      <line num="74" type="stmt" count="3"/>
      <metrics loc="76" ncloc="57" classes="1" methods="4" coveredmethods="4" conditionals="0" coveredconditionals="0" statements="19" coveredstatements="19" elements="23" coveredelements="23"/>
    </file>
    <file name="D:\Code\ProjectCode\kodektif\api\app\Http\Controllers\SuspendController.php">
      <class name="App\Http\Controllers\SuspendController" namespace="global">
        <metrics complexity="4" methods="4" coveredmethods="4" conditionals="0" coveredconditionals="0" statements="16" coveredstatements="16" elements="20" coveredelements="20"/>
      </class>
      <line num="11" type="method" name="__construct" visibility="public" complexity="1" crap="1" count="3"/>
      <line num="13" type="stmt" count="3"/>
      <line num="16" type="method" name="store" visibility="public" complexity="1" crap="1" count="1"/>
      <line num="18" type="stmt" count="1"/>
      <line num="19" type="stmt" count="1"/>
      <line num="20" type="stmt" count="1"/>
      <line num="21" type="stmt" count="1"/>
      <line num="22" type="stmt" count="1"/>
      <line num="26" type="method" name="destroy" visibility="public" complexity="1" crap="1" count="1"/>
      <line num="28" type="stmt" count="1"/>
      <line num="29" type="stmt" count="1"/>
      <line num="30" type="stmt" count="1"/>
      <line num="31" type="stmt" count="1"/>
      <line num="35" type="method" name="handleSuspend" visibility="protected" complexity="1" crap="1" count="2"/>
      <line num="37" type="stmt" count="2"/>
      <line num="38" type="stmt" count="2"/>
      <line num="39" type="stmt" count="2"/>
      <metrics loc="41" ncloc="41" classes="1" methods="4" coveredmethods="4" conditionals="0" coveredconditionals="0" statements="16" coveredstatements="16" elements="20" coveredelements="20"/>
    </file>
    <file name="D:\Code\ProjectCode\kodektif\api\app\Http\Controllers\UserProfileController.php">
      <class name="App\Http\Controllers\UserProfileController" namespace="global">
        <metrics complexity="4" methods="4" coveredmethods="4" conditionals="0" coveredconditionals="0" statements="19" coveredstatements="19" elements="23" coveredelements="23"/>
      </class>
      <line num="15" type="method" name="__construct" visibility="public" complexity="1" crap="1" count="7"/>
      <line num="17" type="stmt" count="7"/>
      <line num="18" type="stmt" count="7"/>
      <line num="26" type="method" name="store" visibility="public" complexity="1" crap="1" count="5"/>
      <line num="28" type="stmt" count="5"/>
      <line num="30" type="stmt" count="5"/>
      <line num="32" type="stmt" count="5"/>
      <line num="33" type="stmt" count="5"/>
      <line num="35" type="stmt" count="5"/>
      <line num="36" type="stmt" count="5"/>
      <line num="37" type="stmt" count="5"/>
      <line num="47" type="method" name="show" visibility="public" complexity="1" crap="1" count="1"/>
      <line num="49" type="stmt" count="1"/>
      <line num="59" type="method" name="update" visibility="public" complexity="1" crap="1" count="2"/>
      <line num="61" type="stmt" count="2"/>
      <line num="62" type="stmt" count="1"/>
      <line num="64" type="stmt" count="1"/>
      <line num="66" type="stmt" count="1"/>
      <line num="67" type="stmt" count="1"/>
      <line num="68" type="stmt" count="1"/>
      <metrics loc="71" ncloc="52" classes="1" methods="4" coveredmethods="4" conditionals="0" coveredconditionals="0" statements="19" coveredstatements="19" elements="23" coveredelements="23"/>
    </file>
    <file name="D:\Code\ProjectCode\kodektif\api\app\Http\Kernel.php">
      <class name="App\Http\Kernel" namespace="global">
        <metrics complexity="0" methods="0" coveredmethods="0" conditionals="0" coveredconditionals="0" statements="0" coveredstatements="0" elements="0" coveredelements="0"/>
      </class>
      <metrics loc="73" ncloc="52" classes="0" methods="0" coveredmethods="0" conditionals="0" coveredconditionals="0" statements="0" coveredstatements="0" elements="0" coveredelements="0"/>
    </file>
    <file name="D:\Code\ProjectCode\kodektif\api\app\Http\Middleware\Authenticate.php">
      <class name="App\Http\Middleware\Authenticate" namespace="global">
        <metrics complexity="2" methods="1" coveredmethods="0" conditionals="0" coveredconditionals="0" statements="3" coveredstatements="2" elements="4" coveredelements="2"/>
      </class>
      <line num="15" type="method" name="redirectTo" visibility="protected" complexity="2" crap="2.15" count="6"/>
      <line num="17" type="stmt" count="6"/>
      <line num="18" type="stmt" count="0"/>
      <metrics loc="21" ncloc="15" classes="1" methods="1" coveredmethods="0" conditionals="0" coveredconditionals="0" statements="3" coveredstatements="2" elements="4" coveredelements="2"/>
    </file>
    <file name="D:\Code\ProjectCode\kodektif\api\app\Http\Middleware\EncryptCookies.php">
      <class name="App\Http\Middleware\EncryptCookies" namespace="global">
        <metrics complexity="0" methods="0" coveredmethods="0" conditionals="0" coveredconditionals="0" statements="0" coveredstatements="0" elements="0" coveredelements="0"/>
      </class>
      <metrics loc="17" ncloc="12" classes="0" methods="0" coveredmethods="0" conditionals="0" coveredconditionals="0" statements="0" coveredstatements="0" elements="0" coveredelements="0"/>
    </file>
    <file name="D:\Code\ProjectCode\kodektif\api\app\Http\Middleware\EnsureUserNotSuspended.php">
      <class name="App\Http\Middleware\EnsureUserNotSuspended" namespace="global">
        <metrics complexity="2" methods="1" coveredmethods="1" conditionals="0" coveredconditionals="0" statements="6" coveredstatements="6" elements="7" coveredelements="7"/>
      </class>
      <line num="18" type="method" name="handle" visibility="public" complexity="2" crap="2" count="37"/>
      <line num="20" type="stmt" count="37"/>
      <line num="21" type="stmt" count="34"/>
      <line num="23" type="stmt" count="6"/>
      <line num="24" type="stmt" count="6"/>
      <line num="25" type="stmt" count="6"/>
      <metrics loc="28" ncloc="21" classes="1" methods="1" coveredmethods="1" conditionals="0" coveredconditionals="0" statements="6" coveredstatements="6" elements="7" coveredelements="7"/>
    </file>
    <file name="D:\Code\ProjectCode\kodektif\api\app\Http\Middleware\OnlyAdmin.php">
      <class name="App\Http\Middleware\OnlyAdmin" namespace="global">
        <metrics complexity="3" methods="1" coveredmethods="0" conditionals="0" coveredconditionals="0" statements="6" coveredstatements="5" elements="7" coveredelements="5"/>
      </class>
      <line num="19" type="method" name="handle" visibility="public" complexity="3" crap="3.04" count="12"/>
      <line num="21" type="stmt" count="12"/>
      <line num="22" type="stmt" count="0"/>
      <line num="25" type="stmt" count="12"/>
      <line num="26" type="stmt" count="9"/>
      <line num="29" type="stmt" count="3"/>
      <metrics loc="31" ncloc="24" classes="1" methods="1" coveredmethods="0" conditionals="0" coveredconditionals="0" statements="6" coveredstatements="5" elements="7" coveredelements="5"/>
    </file>
    <file name="D:\Code\ProjectCode\kodektif\api\app\Http\Middleware\PreventRequestsDuringMaintenance.php">
      <class name="App\Http\Middleware\PreventRequestsDuringMaintenance" namespace="global">
        <metrics complexity="0" methods="0" coveredmethods="0" conditionals="0" coveredconditionals="0" statements="0" coveredstatements="0" elements="0" coveredelements="0"/>
      </class>
      <metrics loc="17" ncloc="12" classes="0" methods="0" coveredmethods="0" conditionals="0" coveredconditionals="0" statements="0" coveredstatements="0" elements="0" coveredelements="0"/>
    </file>
    <file name="D:\Code\ProjectCode\kodektif\api\app\Http\Middleware\RedirectIfAuthenticated.php">
      <class name="App\Http\Middleware\RedirectIfAuthenticated" namespace="global">
        <metrics complexity="4" methods="1" coveredmethods="0" conditionals="0" coveredconditionals="0" statements="6" coveredstatements="0" elements="7" coveredelements="0"/>
      </class>
      <line num="20" type="method" name="handle" visibility="public" complexity="4" crap="20" count="0"/>
      <line num="22" type="stmt" count="0"/>
      <line num="24" type="stmt" count="0"/>
      <line num="25" type="stmt" count="0"/>
      <line num="26" type="stmt" count="0"/>
      <line num="30" type="stmt" count="0"/>
      <metrics loc="32" ncloc="24" classes="1" methods="1" coveredmethods="0" conditionals="0" coveredconditionals="0" statements="6" coveredstatements="0" elements="7" coveredelements="0"/>
    </file>
    <file name="D:\Code\ProjectCode\kodektif\api\app\Http\Middleware\RoleCheck.php">
      <class name="App\Http\Middleware\RoleCheck" namespace="global">
        <metrics complexity="4" methods="1" coveredmethods="0" conditionals="0" coveredconditionals="0" statements="10" coveredstatements="9" elements="11" coveredelements="9"/>
      </class>
      <line num="19" type="method" name="handle" visibility="public" complexity="4" crap="4.02" count="8"/>
      <line num="21" type="stmt" count="8"/>
      <line num="22" type="stmt" count="0"/>
      <line num="25" type="stmt" count="8"/>
      <line num="26" type="stmt" count="8"/>
      <line num="27" type="stmt" count="8"/>
      <line num="28" type="stmt" count="8"/>
      <line num="29" type="stmt" count="7"/>
      <line num="30" type="stmt" count="7"/>
      <line num="34" type="stmt" count="1"/>
      <metrics loc="36" ncloc="29" classes="1" methods="1" coveredmethods="0" conditionals="0" coveredconditionals="0" statements="10" coveredstatements="9" elements="11" coveredelements="9"/>
    </file>
    <file name="D:\Code\ProjectCode\kodektif\api\app\Http\Middleware\TransformRequestHeader.php">
      <class name="App\Http\Middleware\TransformRequestHeader" namespace="global">
        <metrics complexity="2" methods="1" coveredmethods="0" conditionals="0" coveredconditionals="0" statements="6" coveredstatements="0" elements="7" coveredelements="0"/>
      </class>
      <line num="17" type="method" name="handle" visibility="public" complexity="2" crap="6" count="0"/>
      <line num="19" type="stmt" count="0"/>
      <line num="20" type="stmt" count="0"/>
      <line num="21" type="stmt" count="0"/>
      <line num="22" type="stmt" count="0"/>
      <line num="27" type="stmt" count="0"/>
      <metrics loc="29" ncloc="22" classes="1" methods="1" coveredmethods="0" conditionals="0" coveredconditionals="0" statements="6" coveredstatements="0" elements="7" coveredelements="0"/>
    </file>
    <file name="D:\Code\ProjectCode\kodektif\api\app\Http\Middleware\TrimStrings.php">
      <class name="App\Http\Middleware\TrimStrings" namespace="global">
        <metrics complexity="0" methods="0" coveredmethods="0" conditionals="0" coveredconditionals="0" statements="0" coveredstatements="0" elements="0" coveredelements="0"/>
      </class>
      <metrics loc="18" ncloc="13" classes="0" methods="0" coveredmethods="0" conditionals="0" coveredconditionals="0" statements="0" coveredstatements="0" elements="0" coveredelements="0"/>
    </file>
    <file name="D:\Code\ProjectCode\kodektif\api\app\Http\Middleware\TrustHosts.php">
      <class name="App\Http\Middleware\TrustHosts" namespace="global">
        <metrics complexity="1" methods="1" coveredmethods="0" conditionals="0" coveredconditionals="0" statements="1" coveredstatements="0" elements="2" coveredelements="0"/>
      </class>
      <line num="14" type="method" name="hosts" visibility="public" complexity="1" crap="2" count="0"/>
      <line num="17" type="stmt" count="0"/>
      <metrics loc="20" ncloc="15" classes="1" methods="1" coveredmethods="0" conditionals="0" coveredconditionals="0" statements="1" coveredstatements="0" elements="2" coveredelements="0"/>
    </file>
    <file name="D:\Code\ProjectCode\kodektif\api\app\Http\Middleware\TrustProxies.php">
      <class name="App\Http\Middleware\TrustProxies" namespace="global">
        <metrics complexity="0" methods="0" coveredmethods="0" conditionals="0" coveredconditionals="0" statements="0" coveredstatements="0" elements="0" coveredelements="0"/>
      </class>
      <metrics loc="23" ncloc="13" classes="0" methods="0" coveredmethods="0" conditionals="0" coveredconditionals="0" statements="0" coveredstatements="0" elements="0" coveredelements="0"/>
    </file>
    <file name="D:\Code\ProjectCode\kodektif\api\app\Http\Middleware\VerifyCsrfToken.php">
      <class name="App\Http\Middleware\VerifyCsrfToken" namespace="global">
        <metrics complexity="0" methods="0" coveredmethods="0" conditionals="0" coveredconditionals="0" statements="0" coveredstatements="0" elements="0" coveredelements="0"/>
      </class>
      <metrics loc="17" ncloc="12" classes="0" methods="0" coveredmethods="0" conditionals="0" coveredconditionals="0" statements="0" coveredstatements="0" elements="0" coveredelements="0"/>
    </file>
    <file name="D:\Code\ProjectCode\kodektif\api\app\Http\Requests\Article\ArticleLikeStoreRequest.php">
      <class name="App\Http\Requests\Article\ArticleLikeStoreRequest" namespace="global">
        <metrics complexity="3" methods="3" coveredmethods="3" conditionals="0" coveredconditionals="0" statements="4" coveredstatements="4" elements="7" coveredelements="7"/>
      </class>
      <line num="15" type="method" name="authorize" visibility="public" complexity="1" crap="1" count="6"/>
      <line num="17" type="stmt" count="6"/>
      <line num="25" type="method" name="prepareForValidation" visibility="protected" complexity="1" crap="1" count="6"/>
      <line num="27" type="stmt" count="6"/>
      <line num="28" type="stmt" count="6"/>
      <line num="37" type="method" name="rules" visibility="public" complexity="1" crap="1" count="6"/>
      <line num="40" type="stmt" count="6"/>
      <metrics loc="44" ncloc="29" classes="1" methods="3" coveredmethods="3" conditionals="0" coveredconditionals="0" statements="4" coveredstatements="4" elements="7" coveredelements="7"/>
    </file>
    <file name="D:\Code\ProjectCode\kodektif\api\app\Http\Requests\Article\ArticleStoreRequest.php">
      <class name="App\Http\Requests\Article\ArticleStoreRequest" namespace="global">
        <metrics complexity="3" methods="3" coveredmethods="3" conditionals="0" coveredconditionals="0" statements="3" coveredstatements="3" elements="6" coveredelements="6"/>
      </class>
      <line num="14" type="method" name="authorize" visibility="public" complexity="1" crap="1" count="6"/>
      <line num="16" type="stmt" count="6"/>
      <line num="24" type="method" name="rules" visibility="public" complexity="1" crap="1" count="6"/>
      <line num="27" type="stmt" count="6"/>
      <line num="40" type="method" name="messages" visibility="public" complexity="1" crap="1" count="6"/>
      <line num="43" type="stmt" count="6"/>
      <metrics loc="50" ncloc="35" classes="1" methods="3" coveredmethods="3" conditionals="0" coveredconditionals="0" statements="3" coveredstatements="3" elements="6" coveredelements="6"/>
    </file>
    <file name="D:\Code\ProjectCode\kodektif\api\app\Http\Requests\Article\ArticleUpdateRequest.php">
      <class name="App\Http\Requests\Article\ArticleUpdateRequest" namespace="global">
        <metrics complexity="3" methods="3" coveredmethods="3" conditionals="0" coveredconditionals="0" statements="3" coveredstatements="3" elements="6" coveredelements="6"/>
      </class>
      <line num="14" type="method" name="authorize" visibility="public" complexity="1" crap="1" count="2"/>
      <line num="16" type="stmt" count="2"/>
      <line num="25" type="method" name="rules" visibility="public" complexity="1" crap="1" count="2"/>
      <line num="28" type="stmt" count="2"/>
      <line num="41" type="method" name="messages" visibility="public" complexity="1" crap="1" count="2"/>
      <line num="43" type="stmt" count="2"/>
      <metrics loc="45" ncloc="30" classes="1" methods="3" coveredmethods="3" conditionals="0" coveredconditionals="0" statements="3" coveredstatements="3" elements="6" coveredelements="6"/>
    </file>
    <file name="D:\Code\ProjectCode\kodektif\api\app\Http\Requests\Category\CategoryStoreRequest.php">
      <class name="App\Http\Requests\Category\CategoryStoreRequest" namespace="global">
        <metrics complexity="2" methods="2" coveredmethods="2" conditionals="0" coveredconditionals="0" statements="5" coveredstatements="5" elements="7" coveredelements="7"/>
      </class>
      <line num="15" type="method" name="authorize" visibility="public" complexity="1" crap="1" count="2"/>
      <line num="17" type="stmt" count="2"/>
      <line num="25" type="method" name="rules" visibility="public" complexity="1" crap="1" count="2"/>
      <line num="28" type="stmt" count="2"/>
      <line num="30" type="stmt" count="2"/>
      <line num="31" type="stmt" count="2"/>
      <line num="32" type="stmt" count="2"/>
      <metrics loc="36" ncloc="26" classes="1" methods="2" coveredmethods="2" conditionals="0" coveredconditionals="0" statements="5" coveredstatements="5" elements="7" coveredelements="7"/>
    </file>
    <file name="D:\Code\ProjectCode\kodektif\api\app\Http\Requests\Category\CategoryUpdateRequest.php">
      <class name="App\Http\Requests\Category\CategoryUpdateRequest" namespace="global">
        <metrics complexity="2" methods="2" coveredmethods="2" conditionals="0" coveredconditionals="0" statements="5" coveredstatements="5" elements="7" coveredelements="7"/>
      </class>
      <line num="15" type="method" name="authorize" visibility="public" complexity="1" crap="1" count="2"/>
      <line num="17" type="stmt" count="2"/>
      <line num="25" type="method" name="rules" visibility="public" complexity="1" crap="1" count="2"/>
      <line num="28" type="stmt" count="2"/>
      <line num="30" type="stmt" count="2"/>
      <line num="31" type="stmt" count="2"/>
      <line num="32" type="stmt" count="2"/>
      <metrics loc="36" ncloc="26" classes="1" methods="2" coveredmethods="2" conditionals="0" coveredconditionals="0" statements="5" coveredstatements="5" elements="7" coveredelements="7"/>
    </file>
    <file name="D:\Code\ProjectCode\kodektif\api\app\Http\Requests\Language\LanguageStoreRequest.php">
      <class name="App\Http\Requests\Language\LanguageStoreRequest" namespace="global">
        <metrics complexity="2" methods="2" coveredmethods="2" conditionals="0" coveredconditionals="0" statements="2" coveredstatements="2" elements="4" coveredelements="4"/>
      </class>
      <line num="14" type="method" name="authorize" visibility="public" complexity="1" crap="1" count="1"/>
      <line num="16" type="stmt" count="1"/>
      <line num="24" type="method" name="rules" visibility="public" complexity="1" crap="1" count="1"/>
      <line num="27" type="stmt" count="1"/>
      <metrics loc="32" ncloc="22" classes="1" methods="2" coveredmethods="2" conditionals="0" coveredconditionals="0" statements="2" coveredstatements="2" elements="4" coveredelements="4"/>
    </file>
    <file name="D:\Code\ProjectCode\kodektif\api\app\Http\Requests\Language\LanguageUpdateRequest.php">
      <class name="App\Http\Requests\Language\LanguageUpdateRequest" namespace="global">
        <metrics complexity="2" methods="2" coveredmethods="2" conditionals="0" coveredconditionals="0" statements="2" coveredstatements="2" elements="4" coveredelements="4"/>
      </class>
      <line num="14" type="method" name="authorize" visibility="public" complexity="1" crap="1" count="1"/>
      <line num="16" type="stmt" count="1"/>
      <line num="24" type="method" name="rules" visibility="public" complexity="1" crap="1" count="1"/>
      <line num="27" type="stmt" count="1"/>
      <metrics loc="32" ncloc="22" classes="1" methods="2" coveredmethods="2" conditionals="0" coveredconditionals="0" statements="2" coveredstatements="2" elements="4" coveredelements="4"/>
    </file>
    <file name="D:\Code\ProjectCode\kodektif\api\app\Http\Requests\Post\PostComment\PostCommentStoreRequest.php">
      <class name="App\Http\Requests\Post\PostComment\PostCommentStoreRequest" namespace="global">
        <metrics complexity="3" methods="3" coveredmethods="3" conditionals="0" coveredconditionals="0" statements="4" coveredstatements="4" elements="7" coveredelements="7"/>
      </class>
      <line num="15" type="method" name="authorize" visibility="public" complexity="1" crap="1" count="4"/>
      <line num="17" type="stmt" count="4"/>
      <line num="25" type="method" name="prepareForValidation" visibility="protected" complexity="1" crap="1" count="4"/>
      <line num="27" type="stmt" count="4"/>
      <line num="28" type="stmt" count="4"/>
      <line num="37" type="method" name="rules" visibility="public" complexity="1" crap="1" count="4"/>
      <line num="40" type="stmt" count="4"/>
      <metrics loc="46" ncloc="31" classes="1" methods="3" coveredmethods="3" conditionals="0" coveredconditionals="0" statements="4" coveredstatements="4" elements="7" coveredelements="7"/>
    </file>
    <file name="D:\Code\ProjectCode\kodektif\api\app\Http\Requests\Post\PostStoreRequest.php">
      <class name="App\Http\Requests\Post\PostStoreRequest" namespace="global">
        <metrics complexity="2" methods="2" coveredmethods="2" conditionals="0" coveredconditionals="0" statements="2" coveredstatements="2" elements="4" coveredelements="4"/>
      </class>
      <line num="14" type="method" name="authorize" visibility="public" complexity="1" crap="1" count="7"/>
      <line num="16" type="stmt" count="7"/>
      <line num="24" type="method" name="rules" visibility="public" complexity="1" crap="1" count="7"/>
      <line num="27" type="stmt" count="7"/>
      <metrics loc="34" ncloc="24" classes="1" methods="2" coveredmethods="2" conditionals="0" coveredconditionals="0" statements="2" coveredstatements="2" elements="4" coveredelements="4"/>
    </file>
    <file name="D:\Code\ProjectCode\kodektif\api\app\Http\Requests\Post\PostUpdateRequest.php">
      <class name="App\Http\Requests\Post\PostUpdateRequest" namespace="global">
        <metrics complexity="2" methods="2" coveredmethods="2" conditionals="0" coveredconditionals="0" statements="2" coveredstatements="2" elements="4" coveredelements="4"/>
      </class>
      <line num="14" type="method" name="authorize" visibility="public" complexity="1" crap="1" count="2"/>
      <line num="16" type="stmt" count="2"/>
      <line num="24" type="method" name="rules" visibility="public" complexity="1" crap="1" count="2"/>
      <line num="27" type="stmt" count="2"/>
      <metrics loc="34" ncloc="24" classes="1" methods="2" coveredmethods="2" conditionals="0" coveredconditionals="0" statements="2" coveredstatements="2" elements="4" coveredelements="4"/>
    </file>
    <file name="D:\Code\ProjectCode\kodektif\api\app\Http\Requests\Post\PostVote\PostVoteStoreRequest.php">
      <class name="App\Http\Requests\Post\PostVote\PostVoteStoreRequest" namespace="global">
        <metrics complexity="3" methods="3" coveredmethods="3" conditionals="0" coveredconditionals="0" statements="4" coveredstatements="4" elements="7" coveredelements="7"/>
      </class>
      <line num="15" type="method" name="authorize" visibility="public" complexity="1" crap="1" count="12"/>
      <line num="17" type="stmt" count="12"/>
      <line num="25" type="method" name="prepareForValidation" visibility="protected" complexity="1" crap="1" count="12"/>
      <line num="27" type="stmt" count="12"/>
      <line num="28" type="stmt" count="12"/>
      <line num="37" type="method" name="rules" visibility="public" complexity="1" crap="1" count="12"/>
      <line num="40" type="stmt" count="12"/>
      <metrics loc="45" ncloc="30" classes="1" methods="3" coveredmethods="3" conditionals="0" coveredconditionals="0" statements="4" coveredstatements="4" elements="7" coveredelements="7"/>
    </file>
    <file name="D:\Code\ProjectCode\kodektif\api\app\Http\Requests\Post\PostVote\PostVoteUpdateRequest.php">
      <class name="App\Http\Requests\Post\PostVote\PostVoteUpdateRequest" namespace="global">
        <metrics complexity="2" methods="2" coveredmethods="2" conditionals="0" coveredconditionals="0" statements="2" coveredstatements="2" elements="4" coveredelements="4"/>
      </class>
      <line num="15" type="method" name="authorize" visibility="public" complexity="1" crap="1" count="2"/>
      <line num="17" type="stmt" count="2"/>
      <line num="25" type="method" name="rules" visibility="public" complexity="1" crap="1" count="2"/>
      <line num="28" type="stmt" count="2"/>
      <metrics loc="31" ncloc="21" classes="1" methods="2" coveredmethods="2" conditionals="0" coveredconditionals="0" statements="2" coveredstatements="2" elements="4" coveredelements="4"/>
    </file>
    <file name="D:\Code\ProjectCode\kodektif\api\app\Http\Requests\UserProfile\UserProfileStoreRequest.php">
      <class name="App\Http\Requests\UserProfile\UserProfileStoreRequest" namespace="global">
        <metrics complexity="2" methods="2" coveredmethods="2" conditionals="0" coveredconditionals="0" statements="2" coveredstatements="2" elements="4" coveredelements="4"/>
      </class>
      <line num="14" type="method" name="authorize" visibility="public" complexity="1" crap="1" count="5"/>
      <line num="16" type="stmt" count="5"/>
      <line num="24" type="method" name="rules" visibility="public" complexity="1" crap="1" count="5"/>
      <line num="27" type="stmt" count="5"/>
      <metrics loc="35" ncloc="25" classes="1" methods="2" coveredmethods="2" conditionals="0" coveredconditionals="0" statements="2" coveredstatements="2" elements="4" coveredelements="4"/>
    </file>
    <file name="D:\Code\ProjectCode\kodektif\api\app\Http\Requests\UserProfile\UserProfileUpdateRequest.php">
      <class name="App\Http\Requests\UserProfile\UserProfileUpdateRequest" namespace="global">
        <metrics complexity="2" methods="2" coveredmethods="2" conditionals="0" coveredconditionals="0" statements="2" coveredstatements="2" elements="4" coveredelements="4"/>
      </class>
      <line num="14" type="method" name="authorize" visibility="public" complexity="1" crap="1" count="2"/>
      <line num="16" type="stmt" count="2"/>
      <line num="24" type="method" name="rules" visibility="public" complexity="1" crap="1" count="2"/>
      <line num="27" type="stmt" count="2"/>
      <metrics loc="35" ncloc="25" classes="1" methods="2" coveredmethods="2" conditionals="0" coveredconditionals="0" statements="2" coveredstatements="2" elements="4" coveredelements="4"/>
    </file>
    <file name="D:\Code\ProjectCode\kodektif\api\app\Http\Resources\Article\ArticleResource.php">
      <class name="App\Http\Resources\Article\ArticleResource" namespace="global">
        <metrics complexity="1" methods="1" coveredmethods="1" conditionals="0" coveredconditionals="0" statements="11" coveredstatements="11" elements="12" coveredelements="12"/>
      </class>
      <line num="16" type="method" name="toArray" visibility="public" complexity="1" crap="1" count="3"/>
      <line num="19" type="stmt" count="3"/>
      <line num="20" type="stmt" count="3"/>
      <line num="21" type="stmt" count="3"/>
      <line num="22" type="stmt" count="3"/>
      <line num="23" type="stmt" count="3"/>
      <line num="24" type="stmt" count="3"/>
      <line num="25" type="stmt" count="3"/>
      <line num="26" type="stmt" count="3"/>
      <line num="27" type="stmt" count="3"/>
      <line num="28" type="stmt" count="3"/>
      <metrics loc="31" ncloc="25" classes="1" methods="1" coveredmethods="1" conditionals="0" coveredconditionals="0" statements="11" coveredstatements="11" elements="12" coveredelements="12"/>
    </file>
    <file name="D:\Code\ProjectCode\kodektif\api\app\Http\Resources\CategoryResource.php">
      <class name="App\Http\Resources\CategoryResource" namespace="global">
        <metrics complexity="1" methods="1" coveredmethods="1" conditionals="0" coveredconditionals="0" statements="6" coveredstatements="6" elements="7" coveredelements="7"/>
      </class>
      <line num="15" type="method" name="toArray" visibility="public" complexity="1" crap="1" count="8"/>
      <line num="18" type="stmt" count="8"/>
      <line num="19" type="stmt" count="8"/>
      <line num="20" type="stmt" count="8"/>
      <line num="21" type="stmt" count="8"/>
      <line num="22" type="stmt" count="8"/>
      <metrics loc="26" ncloc="20" classes="1" methods="1" coveredmethods="1" conditionals="0" coveredconditionals="0" statements="6" coveredstatements="6" elements="7" coveredelements="7"/>
    </file>
    <file name="D:\Code\ProjectCode\kodektif\api\app\Http\Resources\LanguageResource.php">
      <class name="App\Http\Resources\LanguageResource" namespace="global">
        <metrics complexity="1" methods="1" coveredmethods="1" conditionals="0" coveredconditionals="0" statements="5" coveredstatements="5" elements="6" coveredelements="6"/>
      </class>
      <line num="15" type="method" name="toArray" visibility="public" complexity="1" crap="1" count="2"/>
      <line num="18" type="stmt" count="2"/>
      <line num="19" type="stmt" count="2"/>
      <line num="20" type="stmt" count="2"/>
      <line num="21" type="stmt" count="2"/>
      <metrics loc="24" ncloc="18" classes="1" methods="1" coveredmethods="1" conditionals="0" coveredconditionals="0" statements="5" coveredstatements="5" elements="6" coveredelements="6"/>
    </file>
    <file name="D:\Code\ProjectCode\kodektif\api\app\Http\Resources\Post\PostComment\PostCommentResource.php">
      <class name="App\Http\Resources\Post\PostComment\PostCommentResource" namespace="global">
        <metrics complexity="1" methods="1" coveredmethods="0" conditionals="0" coveredconditionals="0" statements="10" coveredstatements="0" elements="11" coveredelements="0"/>
      </class>
      <line num="15" type="method" name="toArray" visibility="public" complexity="1" crap="2" count="0"/>
      <line num="18" type="stmt" count="0"/>
      <line num="20" type="stmt" count="0"/>
      <line num="21" type="stmt" count="0"/>
      <line num="23" type="stmt" count="0"/>
      <line num="24" type="stmt" count="0"/>
      <line num="25" type="stmt" count="0"/>
      <line num="26" type="stmt" count="0"/>
      <line num="27" type="stmt" count="0"/>
      <line num="28" type="stmt" count="0"/>
      <metrics loc="31" ncloc="25" classes="1" methods="1" coveredmethods="0" conditionals="0" coveredconditionals="0" statements="10" coveredstatements="0" elements="11" coveredelements="0"/>
    </file>
    <file name="D:\Code\ProjectCode\kodektif\api\app\Http\Resources\Post\PostResource.php">
      <class name="App\Http\Resources\Post\PostResource" namespace="global">
        <metrics complexity="1" methods="1" coveredmethods="1" conditionals="0" coveredconditionals="0" statements="15" coveredstatements="15" elements="16" coveredelements="16"/>
      </class>
      <line num="17" type="method" name="toArray" visibility="public" complexity="1" crap="1" count="5"/>
      <line num="20" type="stmt" count="5"/>
      <line num="21" type="stmt" count="5"/>
      <line num="22" type="stmt" count="5"/>
      <line num="23" type="stmt" count="5"/>
      <line num="24" type="stmt" count="5"/>
      <line num="25" type="stmt" count="5"/>
      <line num="26" type="stmt" count="5"/>
      <line num="27" type="stmt" count="5"/>
      <line num="28" type="stmt" count="5"/>
      <line num="29" type="stmt" count="5"/>
      <line num="30" type="stmt" count="5"/>
      <line num="31" type="stmt" count="5"/>
      <line num="32" type="stmt" count="5"/>
      <line num="33" type="stmt" count="5"/>
      <metrics loc="37" ncloc="31" classes="1" methods="1" coveredmethods="1" conditionals="0" coveredconditionals="0" statements="15" coveredstatements="15" elements="16" coveredelements="16"/>
    </file>
    <file name="D:\Code\ProjectCode\kodektif\api\app\Http\Resources\Post\PostVoteResource.php">
      <class name="App\Http\Resources\Post\PostVoteResource" namespace="global">
        <metrics complexity="1" methods="1" coveredmethods="1" conditionals="0" coveredconditionals="0" statements="5" coveredstatements="5" elements="6" coveredelements="6"/>
      </class>
      <line num="15" type="method" name="toArray" visibility="public" complexity="1" crap="1" count="1"/>
      <line num="18" type="stmt" count="1"/>
      <line num="19" type="stmt" count="1"/>
      <line num="20" type="stmt" count="1"/>
      <line num="21" type="stmt" count="1"/>
      <metrics loc="24" ncloc="18" classes="1" methods="1" coveredmethods="1" conditionals="0" coveredconditionals="0" statements="5" coveredstatements="5" elements="6" coveredelements="6"/>
    </file>
    <file name="D:\Code\ProjectCode\kodektif\api\app\Http\Resources\User\ProviderResource.php">
      <class name="App\Http\Resources\User\ProviderResource" namespace="global">
        <metrics complexity="1" methods="1" coveredmethods="0" conditionals="0" coveredconditionals="0" statements="4" coveredstatements="0" elements="5" coveredelements="0"/>
      </class>
      <line num="15" type="method" name="toArray" visibility="public" complexity="1" crap="2" count="0"/>
      <line num="18" type="stmt" count="0"/>
      <line num="19" type="stmt" count="0"/>
      <line num="20" type="stmt" count="0"/>
      <metrics loc="23" ncloc="17" classes="1" methods="1" coveredmethods="0" conditionals="0" coveredconditionals="0" statements="4" coveredstatements="0" elements="5" coveredelements="0"/>
    </file>
    <file name="D:\Code\ProjectCode\kodektif\api\app\Http\Resources\User\RoleResource.php">
      <class name="App\Http\Resources\User\RoleResource" namespace="global">
        <metrics complexity="1" methods="1" coveredmethods="0" conditionals="0" coveredconditionals="0" statements="3" coveredstatements="0" elements="4" coveredelements="0"/>
      </class>
      <line num="15" type="method" name="toArray" visibility="public" complexity="1" crap="2" count="0"/>
      <line num="18" type="stmt" count="0"/>
      <line num="19" type="stmt" count="0"/>
      <metrics loc="22" ncloc="16" classes="1" methods="1" coveredmethods="0" conditionals="0" coveredconditionals="0" statements="3" coveredstatements="0" elements="4" coveredelements="0"/>
    </file>
    <file name="D:\Code\ProjectCode\kodektif\api\app\Http\Resources\User\UserProfileResource.php">
      <class name="App\Http\Resources\User\UserProfileResource" namespace="global">
        <metrics complexity="1" methods="1" coveredmethods="1" conditionals="0" coveredconditionals="0" statements="9" coveredstatements="9" elements="10" coveredelements="10"/>
      </class>
      <line num="15" type="method" name="toArray" visibility="public" complexity="1" crap="1" count="5"/>
      <line num="18" type="stmt" count="5"/>
      <line num="19" type="stmt" count="5"/>
      <line num="20" type="stmt" count="5"/>
      <line num="21" type="stmt" count="5"/>
      <line num="22" type="stmt" count="5"/>
      <line num="23" type="stmt" count="5"/>
      <line num="24" type="stmt" count="5"/>
      <line num="25" type="stmt" count="5"/>
      <metrics loc="28" ncloc="22" classes="1" methods="1" coveredmethods="1" conditionals="0" coveredconditionals="0" statements="9" coveredstatements="9" elements="10" coveredelements="10"/>
    </file>
    <file name="D:\Code\ProjectCode\kodektif\api\app\Http\Resources\User\UserResource.php">
      <class name="App\Http\Resources\User\UserResource" namespace="global">
        <metrics complexity="1" methods="1" coveredmethods="0" conditionals="0" coveredconditionals="0" statements="6" coveredstatements="0" elements="7" coveredelements="0"/>
      </class>
      <line num="15" type="method" name="toArray" visibility="public" complexity="1" crap="2" count="0"/>
      <line num="18" type="stmt" count="0"/>
      <line num="19" type="stmt" count="0"/>
      <line num="20" type="stmt" count="0"/>
      <line num="21" type="stmt" count="0"/>
      <line num="22" type="stmt" count="0"/>
      <metrics loc="25" ncloc="19" classes="1" methods="1" coveredmethods="0" conditionals="0" coveredconditionals="0" statements="6" coveredstatements="0" elements="7" coveredelements="0"/>
    </file>
    <file name="D:\Code\ProjectCode\kodektif\api\app\Listeners\ArticleLikedListener.php">
      <class name="App\Listeners\ArticleLikedListener" namespace="global">
        <metrics complexity="2" methods="1" coveredmethods="1" conditionals="0" coveredconditionals="0" statements="4" coveredstatements="4" elements="5" coveredelements="5"/>
      </class>
      <line num="27" type="method" name="handle" visibility="public" complexity="1" crap="1" count="6"/>
      <line num="29" type="stmt" count="6"/>
      <line num="31" type="stmt" count="6"/>
      <line num="32" type="stmt" count="6"/>
      <metrics loc="34" ncloc="23" classes="1" methods="1" coveredmethods="1" conditionals="0" coveredconditionals="0" statements="4" coveredstatements="4" elements="5" coveredelements="5"/>
    </file>
    <file name="D:\Code\ProjectCode\kodektif\api\app\Listeners\PostVotedListener.php">
      <class name="App\Listeners\PostVotedListener" namespace="global">
        <metrics complexity="3" methods="1" coveredmethods="1" conditionals="0" coveredconditionals="0" statements="7" coveredstatements="7" elements="8" coveredelements="8"/>
      </class>
      <line num="27" type="method" name="handle" visibility="public" complexity="2" crap="2" count="14"/>
      <line num="29" type="stmt" count="14"/>
      <line num="30" type="stmt" count="14"/>
      <line num="32" type="stmt" count="14"/>
      <line num="33" type="stmt" count="8"/>
      <line num="34" type="stmt" count="6"/>
      <line num="36" type="stmt" count="14"/>
      <metrics loc="38" ncloc="27" classes="1" methods="1" coveredmethods="1" conditionals="0" coveredconditionals="0" statements="7" coveredstatements="7" elements="8" coveredelements="8"/>
    </file>
    <file name="D:\Code\ProjectCode\kodektif\api\app\Models\Article.php">
      <class name="App\Models\Article" namespace="global">
        <metrics complexity="4" methods="4" coveredmethods="3" conditionals="0" coveredconditionals="0" statements="4" coveredstatements="3" elements="8" coveredelements="6"/>
      </class>
      <line num="25" type="method" name="user" visibility="public" complexity="1" crap="1" count="15"/>
      <line num="27" type="stmt" count="15"/>
      <line num="30" type="method" name="language" visibility="public" complexity="1" crap="1" count="15"/>
      <line num="32" type="stmt" count="15"/>
      <line num="35" type="method" name="categories" visibility="public" complexity="1" crap="1" count="15"/>
      <line num="37" type="stmt" count="15"/>
      <line num="40" type="method" name="likes" visibility="public" complexity="1" crap="2" count="0"/>
      <line num="42" type="stmt" count="0"/>
      <metrics loc="44" ncloc="44" classes="1" methods="4" coveredmethods="3" conditionals="0" coveredconditionals="0" statements="4" coveredstatements="3" elements="8" coveredelements="6"/>
    </file>
    <file name="D:\Code\ProjectCode\kodektif\api\app\Models\ArticleLike.php">
      <class name="App\Models\ArticleLike" namespace="global">
        <metrics complexity="2" methods="2" coveredmethods="0" conditionals="0" coveredconditionals="0" statements="2" coveredstatements="0" elements="4" coveredelements="0"/>
      </class>
      <line num="18" type="method" name="article" visibility="public" complexity="1" crap="2" count="0"/>
      <line num="20" type="stmt" count="0"/>
      <line num="23" type="method" name="user" visibility="public" complexity="1" crap="2" count="0"/>
      <line num="25" type="stmt" count="0"/>
      <metrics loc="27" ncloc="27" classes="1" methods="2" coveredmethods="0" conditionals="0" coveredconditionals="0" statements="2" coveredstatements="0" elements="4" coveredelements="0"/>
    </file>
    <file name="D:\Code\ProjectCode\kodektif\api\app\Models\Category.php">
      <class name="App\Models\Category" namespace="global">
        <metrics complexity="5" methods="5" coveredmethods="1" conditionals="0" coveredconditionals="0" statements="5" coveredstatements="1" elements="10" coveredelements="2"/>
      </class>
      <line num="18" type="method" name="subCategories" visibility="public" complexity="1" crap="2" count="0"/>
      <line num="20" type="stmt" count="0"/>
      <line num="23" type="method" name="allSubCategories" visibility="public" complexity="1" crap="1" count="1"/>
      <line num="25" type="stmt" count="1"/>
      <line num="28" type="method" name="parentCategory" visibility="public" complexity="1" crap="2" count="0"/>
      <line num="30" type="stmt" count="0"/>
      <line num="33" type="method" name="articles" visibility="public" complexity="1" crap="2" count="0"/>
      <line num="35" type="stmt" count="0"/>
      <line num="38" type="method" name="posts" visibility="public" complexity="1" crap="2" count="0"/>
      <line num="40" type="stmt" count="0"/>
      <metrics loc="42" ncloc="42" classes="1" methods="5" coveredmethods="1" conditionals="0" coveredconditionals="0" statements="5" coveredstatements="1" elements="10" coveredelements="2"/>
    </file>
    <file name="D:\Code\ProjectCode\kodektif\api\app\Models\Language.php">
      <class name="App\Models\Language" namespace="global">
        <metrics complexity="1" methods="1" coveredmethods="0" conditionals="0" coveredconditionals="0" statements="1" coveredstatements="0" elements="2" coveredelements="0"/>
      </class>
      <line num="19" type="method" name="articles" visibility="public" complexity="1" crap="2" count="0"/>
      <line num="21" type="stmt" count="0"/>
      <metrics loc="23" ncloc="23" classes="1" methods="1" coveredmethods="0" conditionals="0" coveredconditionals="0" statements="1" coveredstatements="0" elements="2" coveredelements="0"/>
    </file>
    <file name="D:\Code\ProjectCode\kodektif\api\app\Models\Post.php">
      <class name="App\Models\Post" namespace="global">
        <metrics complexity="7" methods="6" coveredmethods="6" conditionals="0" coveredconditionals="0" statements="9" coveredstatements="9" elements="15" coveredelements="15"/>
      </class>
      <line num="30" type="method" name="user" visibility="public" complexity="1" crap="1" count="28"/>
      <line num="32" type="stmt" count="28"/>
      <line num="35" type="method" name="language" visibility="public" complexity="1" crap="1" count="28"/>
      <line num="37" type="stmt" count="28"/>
      <line num="40" type="method" name="categories" visibility="public" complexity="1" crap="1" count="28"/>
      <line num="42" type="stmt" count="28"/>
      <line num="45" type="method" name="postVotes" visibility="public" complexity="1" crap="1" count="28"/>
      <line num="47" type="stmt" count="28"/>
      <line num="50" type="method" name="postComments" visibility="public" complexity="1" crap="1" count="28"/>
      <line num="52" type="stmt" count="28"/>
      <line num="55" type="method" name="getHasVotedAttribute" visibility="public" complexity="2" crap="2" count="5"/>
      <line num="57" type="stmt" count="5"/>
      <line num="58" type="stmt" count="5"/>
      <line num="59" type="stmt" count="5"/>
      <line num="61" type="stmt" count="5"/>
      <metrics loc="63" ncloc="63" classes="1" methods="6" coveredmethods="6" conditionals="0" coveredconditionals="0" statements="9" coveredstatements="9" elements="15" coveredelements="15"/>
    </file>
    <file name="D:\Code\ProjectCode\kodektif\api\app\Models\PostVote.php">
      <class name="App\Models\PostVote" namespace="global">
        <metrics complexity="2" methods="2" coveredmethods="0" conditionals="0" coveredconditionals="0" statements="2" coveredstatements="0" elements="4" coveredelements="0"/>
      </class>
      <line num="18" type="method" name="user" visibility="public" complexity="1" crap="2" count="0"/>
      <line num="20" type="stmt" count="0"/>
      <line num="23" type="method" name="post" visibility="public" complexity="1" crap="2" count="0"/>
      <line num="25" type="stmt" count="0"/>
      <metrics loc="27" ncloc="27" classes="1" methods="2" coveredmethods="0" conditionals="0" coveredconditionals="0" statements="2" coveredstatements="0" elements="4" coveredelements="0"/>
    </file>
    <file name="D:\Code\ProjectCode\kodektif\api\app\Models\Post\PostComment\PostComment.php">
      <class name="App\Models\Post\PostComment\PostComment" namespace="global">
        <metrics complexity="2" methods="2" coveredmethods="0" conditionals="0" coveredconditionals="0" statements="2" coveredstatements="0" elements="4" coveredelements="0"/>
      </class>
      <line num="23" type="method" name="user" visibility="public" complexity="1" crap="2" count="0"/>
      <line num="25" type="stmt" count="0"/>
      <line num="28" type="method" name="post" visibility="public" complexity="1" crap="2" count="0"/>
      <line num="30" type="stmt" count="0"/>
      <metrics loc="32" ncloc="32" classes="1" methods="2" coveredmethods="0" conditionals="0" coveredconditionals="0" statements="2" coveredstatements="0" elements="4" coveredelements="0"/>
    </file>
    <file name="D:\Code\ProjectCode\kodektif\api\app\Models\Provider.php">
      <class name="App\Models\Provider" namespace="global">
        <metrics complexity="0" methods="0" coveredmethods="0" conditionals="0" coveredconditionals="0" statements="0" coveredstatements="0" elements="0" coveredelements="0"/>
      </class>
      <metrics loc="21" ncloc="21" classes="0" methods="0" coveredmethods="0" conditionals="0" coveredconditionals="0" statements="0" coveredstatements="0" elements="0" coveredelements="0"/>
    </file>
    <file name="D:\Code\ProjectCode\kodektif\api\app\Models\Role.php">
      <class name="App\Models\Role" namespace="global">
        <metrics complexity="1" methods="1" coveredmethods="0" conditionals="0" coveredconditionals="0" statements="1" coveredstatements="0" elements="2" coveredelements="0"/>
      </class>
      <line num="14" type="method" name="users" visibility="public" complexity="1" crap="2" count="0"/>
      <line num="16" type="stmt" count="0"/>
      <metrics loc="18" ncloc="18" classes="1" methods="1" coveredmethods="0" conditionals="0" coveredconditionals="0" statements="1" coveredstatements="0" elements="2" coveredelements="0"/>
    </file>
    <file name="D:\Code\ProjectCode\kodektif\api\app\Models\User.php">
      <class name="App\Models\User" namespace="global">
        <metrics complexity="11" methods="9" coveredmethods="5" conditionals="0" coveredconditionals="0" statements="13" coveredstatements="9" elements="22" coveredelements="14"/>
      </class>
      <line num="50" type="method" name="provider" visibility="public" complexity="1" crap="1" count="62"/>
      <line num="52" type="stmt" count="62"/>
      <line num="55" type="method" name="profile" visibility="public" complexity="1" crap="1" count="31"/>
      <line num="57" type="stmt" count="31"/>
      <line num="60" type="method" name="roles" visibility="public" complexity="1" crap="1" count="61"/>
      <line num="62" type="stmt" count="61"/>
      <line num="65" type="method" name="articles" visibility="public" complexity="1" crap="1" count="6"/>
      <line num="67" type="stmt" count="6"/>
      <line num="70" type="method" name="articleLikes" visibility="public" complexity="1" crap="2" count="0"/>
      <line num="72" type="stmt" count="0"/>
      <line num="75" type="method" name="posts" visibility="public" complexity="1" crap="1" count="7"/>
      <line num="77" type="stmt" count="7"/>
      <line num="80" type="method" name="postVotes" visibility="public" complexity="1" crap="2" count="0"/>
      <line num="82" type="stmt" count="0"/>
      <line num="85" type="method" name="postComments" visibility="public" complexity="1" crap="2" count="0"/>
      <line num="87" type="stmt" count="0"/>
      <line num="90" type="method" name="is" visibility="public" complexity="3" crap="3.07" count="12"/>
      <line num="92" type="stmt" count="12"/>
      <line num="93" type="stmt" count="9"/>
      <line num="94" type="stmt" count="9"/>
      <line num="97" type="stmt" count="0"/>
      <metrics loc="100" ncloc="85" classes="1" methods="9" coveredmethods="5" conditionals="0" coveredconditionals="0" statements="13" coveredstatements="9" elements="22" coveredelements="14"/>
    </file>
    <file name="D:\Code\ProjectCode\kodektif\api\app\Models\UserProfile.php">
      <class name="App\Models\UserProfile" namespace="global">
        <metrics complexity="1" methods="1" coveredmethods="0" conditionals="0" coveredconditionals="0" statements="1" coveredstatements="0" elements="2" coveredelements="0"/>
      </class>
      <line num="24" type="method" name="user" visibility="public" complexity="1" crap="2" count="0"/>
      <line num="26" type="stmt" count="0"/>
      <metrics loc="28" ncloc="28" classes="1" methods="1" coveredmethods="0" conditionals="0" coveredconditionals="0" statements="1" coveredstatements="0" elements="2" coveredelements="0"/>
    </file>
    <file name="D:\Code\ProjectCode\kodektif\api\app\Observers\ArticleLikeObserver.php">
      <class name="App\Observers\ArticleLikeObserver" namespace="global">
        <metrics complexity="5" methods="5" coveredmethods="2" conditionals="0" coveredconditionals="0" statements="10" coveredstatements="7" elements="15" coveredelements="9"/>
      </class>
      <line num="17" type="method" name="created" visibility="public" complexity="1" crap="1" count="6"/>
      <line num="19" type="stmt" count="6"/>
      <line num="20" type="stmt" count="6"/>
      <line num="29" type="method" name="updated" visibility="public" complexity="1" crap="2" count="0"/>
      <line num="40" type="method" name="deleted" visibility="public" complexity="1" crap="1" count="2"/>
      <line num="42" type="stmt" count="2"/>
      <line num="43" type="stmt" count="2"/>
      <line num="44" type="stmt" count="2"/>
      <line num="53" type="method" name="restored" visibility="public" complexity="1" crap="2" count="0"/>
      <line num="64" type="method" name="forceDeleted" visibility="public" complexity="1" crap="2" count="0"/>
      <metrics loc="68" ncloc="38" classes="1" methods="5" coveredmethods="2" conditionals="0" coveredconditionals="0" statements="10" coveredstatements="7" elements="15" coveredelements="9"/>
    </file>
    <file name="D:\Code\ProjectCode\kodektif\api\app\Observers\ArticleObserver.php">
      <class name="App\Observers\ArticleObserver" namespace="global">
        <metrics complexity="7" methods="7" coveredmethods="5" conditionals="0" coveredconditionals="0" statements="8" coveredstatements="6" elements="15" coveredelements="11"/>
      </class>
      <line num="18" type="method" name="creating" visibility="public" complexity="1" crap="1" count="15"/>
      <line num="28" type="method" name="created" visibility="public" complexity="1" crap="1" count="15"/>
      <line num="39" type="method" name="updated" visibility="public" complexity="1" crap="1" count="7"/>
      <line num="50" type="method" name="saving" visibility="public" complexity="1" crap="1" count="15"/>
      <line num="52" type="stmt" count="15"/>
      <line num="61" type="method" name="deleted" visibility="public" complexity="1" crap="1" count="1"/>
      <line num="72" type="method" name="restored" visibility="public" complexity="1" crap="2" count="0"/>
      <line num="83" type="method" name="forceDeleted" visibility="public" complexity="1" crap="2" count="0"/>
      <metrics loc="87" ncloc="45" classes="1" methods="7" coveredmethods="5" conditionals="0" coveredconditionals="0" statements="8" coveredstatements="6" elements="15" coveredelements="11"/>
    </file>
    <file name="D:\Code\ProjectCode\kodektif\api\app\Observers\PostObeserver.php">
      <class name="App\Observers\PostObeserver" namespace="global">
        <metrics complexity="6" methods="6" coveredmethods="4" conditionals="0" coveredconditionals="0" statements="7" coveredstatements="5" elements="13" coveredelements="9"/>
      </class>
      <line num="16" type="method" name="created" visibility="public" complexity="1" crap="1" count="28"/>
      <line num="27" type="method" name="updated" visibility="public" complexity="1" crap="1" count="15"/>
      <line num="38" type="method" name="saving" visibility="public" complexity="1" crap="1" count="28"/>
      <line num="40" type="stmt" count="28"/>
      <line num="49" type="method" name="deleted" visibility="public" complexity="1" crap="1" count="1"/>
      <line num="60" type="method" name="restored" visibility="public" complexity="1" crap="2" count="0"/>
      <line num="71" type="method" name="forceDeleted" visibility="public" complexity="1" crap="2" count="0"/>
      <metrics loc="75" ncloc="39" classes="1" methods="6" coveredmethods="4" conditionals="0" coveredconditionals="0" statements="7" coveredstatements="5" elements="13" coveredelements="9"/>
    </file>
    <file name="D:\Code\ProjectCode\kodektif\api\app\Observers\PostVoteObserver.php">
      <class name="App\Observers\PostVoteObserver" namespace="global">
        <metrics complexity="6" methods="5" coveredmethods="3" conditionals="0" coveredconditionals="0" statements="11" coveredstatements="9" elements="16" coveredelements="12"/>
      </class>
      <line num="17" type="method" name="created" visibility="public" complexity="1" crap="1" count="14"/>
      <line num="19" type="stmt" count="14"/>
      <line num="20" type="stmt" count="14"/>
      <line num="29" type="method" name="updated" visibility="public" complexity="1" crap="1" count="1"/>
      <line num="40" type="method" name="deleted" visibility="public" complexity="2" crap="2" count="3"/>
      <line num="42" type="stmt" count="3"/>
      <line num="43" type="stmt" count="3"/>
      <line num="44" type="stmt" count="3"/>
      <line num="45" type="stmt" count="3"/>
      <line num="54" type="method" name="restored" visibility="public" complexity="1" crap="2" count="0"/>
      <line num="65" type="method" name="forceDeleted" visibility="public" complexity="1" crap="2" count="0"/>
      <metrics loc="69" ncloc="39" classes="1" methods="5" coveredmethods="3" conditionals="0" coveredconditionals="0" statements="11" coveredstatements="9" elements="16" coveredelements="12"/>
    </file>
    <file name="D:\Code\ProjectCode\kodektif\api\app\Policies\ArticlePolicy.php">
      <class name="App\Policies\ArticlePolicy" namespace="global">
        <metrics complexity="7" methods="7" coveredmethods="2" conditionals="0" coveredconditionals="0" statements="9" coveredstatements="4" elements="16" coveredelements="6"/>
      </class>
      <line num="19" type="method" name="viewAny" visibility="public" complexity="1" crap="2" count="0"/>
      <line num="31" type="method" name="view" visibility="public" complexity="1" crap="2" count="0"/>
      <line num="42" type="method" name="create" visibility="public" complexity="1" crap="2" count="0"/>
      <line num="54" type="method" name="update" visibility="public" complexity="1" crap="1" count="2"/>
      <line num="56" type="stmt" count="2"/>
      <line num="66" type="method" name="delete" visibility="public" complexity="1" crap="1" count="2"/>
      <line num="68" type="stmt" count="2"/>
      <line num="78" type="method" name="restore" visibility="public" complexity="1" crap="2" count="0"/>
      <line num="90" type="method" name="forceDelete" visibility="public" complexity="1" crap="2" count="0"/>
      <metrics loc="94" ncloc="47" classes="1" methods="7" coveredmethods="2" conditionals="0" coveredconditionals="0" statements="9" coveredstatements="4" elements="16" coveredelements="6"/>
    </file>
    <file name="D:\Code\ProjectCode\kodektif\api\app\Policies\CategoryPolicy.php">
      <class name="App\Policies\CategoryPolicy" namespace="global">
        <metrics complexity="7" methods="7" coveredmethods="0" conditionals="0" coveredconditionals="0" statements="7" coveredstatements="0" elements="14" coveredelements="0"/>
      </class>
      <line num="19" type="method" name="viewAny" visibility="public" complexity="1" crap="2" count="0"/>
      <line num="31" type="method" name="view" visibility="public" complexity="1" crap="2" count="0"/>
      <line num="42" type="method" name="create" visibility="public" complexity="1" crap="2" count="0"/>
      <line num="53" type="method" name="update" visibility="public" complexity="1" crap="2" count="0"/>
      <line num="65" type="method" name="delete" visibility="public" complexity="1" crap="2" count="0"/>
      <line num="77" type="method" name="restore" visibility="public" complexity="1" crap="2" count="0"/>
      <line num="89" type="method" name="forceDelete" visibility="public" complexity="1" crap="2" count="0"/>
      <metrics loc="93" ncloc="46" classes="1" methods="7" coveredmethods="0" conditionals="0" coveredconditionals="0" statements="7" coveredstatements="0" elements="14" coveredelements="0"/>
    </file>
    <file name="D:\Code\ProjectCode\kodektif\api\app\Policies\PostCommentPolicy.php">
      <class name="App\Policies\PostCommentPolicy" namespace="global">
        <metrics complexity="7" methods="7" coveredmethods="1" conditionals="0" coveredconditionals="0" statements="8" coveredstatements="2" elements="15" coveredelements="3"/>
      </class>
      <line num="19" type="method" name="viewAny" visibility="public" complexity="1" crap="2" count="0"/>
      <line num="31" type="method" name="view" visibility="public" complexity="1" crap="2" count="0"/>
      <line num="42" type="method" name="create" visibility="public" complexity="1" crap="2" count="0"/>
      <line num="54" type="method" name="update" visibility="public" complexity="1" crap="2" count="0"/>
      <line num="66" type="method" name="delete" visibility="public" complexity="1" crap="1" count="2"/>
      <line num="68" type="stmt" count="2"/>
      <line num="78" type="method" name="restore" visibility="public" complexity="1" crap="2" count="0"/>
      <line num="90" type="method" name="forceDelete" visibility="public" complexity="1" crap="2" count="0"/>
      <metrics loc="94" ncloc="47" classes="1" methods="7" coveredmethods="1" conditionals="0" coveredconditionals="0" statements="8" coveredstatements="2" elements="15" coveredelements="3"/>
    </file>
    <file name="D:\Code\ProjectCode\kodektif\api\app\Policies\PostPolicy.php">
      <class name="App\Policies\PostPolicy" namespace="global">
        <metrics complexity="7" methods="7" coveredmethods="2" conditionals="0" coveredconditionals="0" statements="9" coveredstatements="4" elements="16" coveredelements="6"/>
      </class>
      <line num="19" type="method" name="viewAny" visibility="public" complexity="1" crap="2" count="0"/>
      <line num="31" type="method" name="view" visibility="public" complexity="1" crap="2" count="0"/>
      <line num="42" type="method" name="create" visibility="public" complexity="1" crap="2" count="0"/>
      <line num="54" type="method" name="update" visibility="public" complexity="1" crap="1" count="2"/>
      <line num="56" type="stmt" count="2"/>
      <line num="66" type="method" name="delete" visibility="public" complexity="1" crap="1" count="2"/>
      <line num="68" type="stmt" count="2"/>
      <line num="78" type="method" name="restore" visibility="public" complexity="1" crap="2" count="0"/>
      <line num="90" type="method" name="forceDelete" visibility="public" complexity="1" crap="2" count="0"/>
      <metrics loc="94" ncloc="47" classes="1" methods="7" coveredmethods="2" conditionals="0" coveredconditionals="0" statements="9" coveredstatements="4" elements="16" coveredelements="6"/>
    </file>
    <file name="D:\Code\ProjectCode\kodektif\api\app\Policies\PostVotePolicy.php">
      <class name="App\Policies\PostVotePolicy" namespace="global">
        <metrics complexity="7" methods="7" coveredmethods="2" conditionals="0" coveredconditionals="0" statements="9" coveredstatements="4" elements="16" coveredelements="6"/>
      </class>
      <line num="19" type="method" name="viewAny" visibility="public" complexity="1" crap="2" count="0"/>
      <line num="31" type="method" name="view" visibility="public" complexity="1" crap="2" count="0"/>
      <line num="42" type="method" name="create" visibility="public" complexity="1" crap="2" count="0"/>
      <line num="54" type="method" name="update" visibility="public" complexity="1" crap="1" count="2"/>
      <line num="56" type="stmt" count="2"/>
      <line num="66" type="method" name="delete" visibility="public" complexity="1" crap="1" count="4"/>
      <line num="68" type="stmt" count="4"/>
      <line num="78" type="method" name="restore" visibility="public" complexity="1" crap="2" count="0"/>
      <line num="90" type="method" name="forceDelete" visibility="public" complexity="1" crap="2" count="0"/>
      <metrics loc="94" ncloc="47" classes="1" methods="7" coveredmethods="2" conditionals="0" coveredconditionals="0" statements="9" coveredstatements="4" elements="16" coveredelements="6"/>
    </file>
    <file name="D:\Code\ProjectCode\kodektif\api\app\Policies\UserProfilePolicy.php">
      <class name="App\Policies\UserProfilePolicy" namespace="global">
        <metrics complexity="7" methods="7" coveredmethods="1" conditionals="0" coveredconditionals="0" statements="8" coveredstatements="2" elements="15" coveredelements="3"/>
      </class>
      <line num="19" type="method" name="viewAny" visibility="public" complexity="1" crap="2" count="0"/>
      <line num="31" type="method" name="view" visibility="public" complexity="1" crap="2" count="0"/>
      <line num="42" type="method" name="create" visibility="public" complexity="1" crap="2" count="0"/>
      <line num="54" type="method" name="update" visibility="public" complexity="1" crap="1" count="2"/>
      <line num="56" type="stmt" count="2"/>
      <line num="66" type="method" name="delete" visibility="public" complexity="1" crap="2" count="0"/>
      <line num="78" type="method" name="restore" visibility="public" complexity="1" crap="2" count="0"/>
      <line num="90" type="method" name="forceDelete" visibility="public" complexity="1" crap="2" count="0"/>
      <metrics loc="94" ncloc="47" classes="1" methods="7" coveredmethods="1" conditionals="0" coveredconditionals="0" statements="8" coveredstatements="2" elements="15" coveredelements="3"/>
    </file>
    <file name="D:\Code\ProjectCode\kodektif\api\app\Providers\AppServiceProvider.php">
      <class name="App\Providers\AppServiceProvider" namespace="global">
        <metrics complexity="4" methods="2" coveredmethods="2" conditionals="0" coveredconditionals="0" statements="3" coveredstatements="3" elements="5" coveredelements="5"/>
      </class>
      <line num="14" type="method" name="register" visibility="public" complexity="1" crap="1" count="69"/>
      <line num="16" type="stmt" count="69"/>
      <line num="29" type="method" name="loadHelpers" visibility="protected" complexity="2" crap="2" count="69"/>
      <line num="31" type="stmt" count="69"/>
      <line num="32" type="stmt" count="69"/>
      <metrics loc="35" ncloc="25" classes="1" methods="2" coveredmethods="2" conditionals="0" coveredconditionals="0" statements="3" coveredstatements="3" elements="5" coveredelements="5"/>
    </file>
    <file name="D:\Code\ProjectCode\kodektif\api\app\Providers\AuthServiceProvider.php">
      <class name="App\Providers\AuthServiceProvider" namespace="global">
        <metrics complexity="1" methods="1" coveredmethods="1" conditionals="0" coveredconditionals="0" statements="1" coveredstatements="1" elements="2" coveredelements="2"/>
      </class>
      <line num="35" type="method" name="boot" visibility="public" complexity="1" crap="1" count="69"/>
      <line num="37" type="stmt" count="69"/>
      <metrics loc="41" ncloc="31" classes="1" methods="1" coveredmethods="1" conditionals="0" coveredconditionals="0" statements="1" coveredstatements="1" elements="2" coveredelements="2"/>
    </file>
    <file name="D:\Code\ProjectCode\kodektif\api\app\Providers\BroadcastServiceProvider.php">
      <class name="App\Providers\BroadcastServiceProvider" namespace="global">
        <metrics complexity="1" methods="1" coveredmethods="0" conditionals="0" coveredconditionals="0" statements="2" coveredstatements="0" elements="3" coveredelements="0"/>
      </class>
      <line num="15" type="method" name="boot" visibility="public" complexity="1" crap="2" count="0"/>
      <line num="17" type="stmt" count="0"/>
      <line num="19" type="stmt" count="0"/>
      <metrics loc="21" ncloc="16" classes="1" methods="1" coveredmethods="0" conditionals="0" coveredconditionals="0" statements="2" coveredstatements="0" elements="3" coveredelements="0"/>
    </file>
    <file name="D:\Code\ProjectCode\kodektif\api\app\Providers\EventServiceProvider.php">
      <class name="App\Providers\EventServiceProvider" namespace="global">
        <metrics complexity="1" methods="1" coveredmethods="1" conditionals="0" coveredconditionals="0" statements="4" coveredstatements="4" elements="5" coveredelements="5"/>
      </class>
      <line num="50" type="method" name="boot" visibility="public" complexity="1" crap="1" count="69"/>
      <line num="52" type="stmt" count="69"/>
      <line num="53" type="stmt" count="69"/>
      <line num="54" type="stmt" count="69"/>
      <line num="55" type="stmt" count="69"/>
      <metrics loc="57" ncloc="47" classes="1" methods="1" coveredmethods="1" conditionals="0" coveredconditionals="0" statements="4" coveredstatements="4" elements="5" coveredelements="5"/>
    </file>
    <file name="D:\Code\ProjectCode\kodektif\api\app\Providers\RouteServiceProvider.php">
      <class name="App\Providers\RouteServiceProvider" namespace="global">
        <metrics complexity="3" methods="2" coveredmethods="1" conditionals="0" coveredconditionals="0" statements="16" coveredstatements="15" elements="18" coveredelements="16"/>
      </class>
      <line num="36" type="method" name="boot" visibility="public" complexity="1" crap="1" count="69"/>
      <line num="38" type="stmt" count="69"/>
      <line num="40" type="stmt" count="69"/>
      <line num="41" type="stmt" count="69"/>
      <line num="42" type="stmt" count="69"/>
      <line num="43" type="stmt" count="69"/>
      <line num="44" type="stmt" count="69"/>
      <line num="46" type="stmt" count="69"/>
      <line num="47" type="stmt" count="69"/>
      <line num="48" type="stmt" count="69"/>
      <line num="49" type="stmt" count="69"/>
      <line num="57" type="method" name="configureRateLimiting" visibility="protected" complexity="2" crap="2.02" count="69"/>
      <line num="59" type="stmt" count="69"/>
      <line num="60" type="stmt" count="54"/>
      <line num="61" type="stmt" count="69"/>
      <line num="63" type="stmt" count="69"/>
      <line num="64" type="stmt" count="0"/>
      <line num="65" type="stmt" count="69"/>
      <metrics loc="67" ncloc="42" classes="1" methods="2" coveredmethods="1" conditionals="0" coveredconditionals="0" statements="16" coveredstatements="15" elements="18" coveredelements="16"/>
    </file>
    <file name="D:\Code\ProjectCode\kodektif\api\app\Rules\CategorySavingRule.php">
      <class name="App\Rules\CategorySavingRule" namespace="global">
        <metrics complexity="5" methods="2" coveredmethods="1" conditionals="0" coveredconditionals="0" statements="6" coveredstatements="5" elements="8" coveredelements="6"/>
      </class>
      <line num="27" type="method" name="passes" visibility="public" complexity="3" crap="3.07" count="3"/>
      <line num="29" type="stmt" count="3"/>
      <line num="30" type="stmt" count="3"/>
      <line num="31" type="stmt" count="3"/>
      <line num="34" type="stmt" count="0"/>
      <line num="42" type="method" name="message" visibility="public" complexity="1" crap="1" count="2"/>
      <line num="44" type="stmt" count="2"/>
      <metrics loc="46" ncloc="29" classes="1" methods="2" coveredmethods="1" conditionals="0" coveredconditionals="0" statements="6" coveredstatements="5" elements="8" coveredelements="6"/>
    </file>
    <metrics files="86" loc="3896" ncloc="2755" classes="77" methods="218" coveredmethods="128" conditionals="0" coveredconditionals="0" statements="570" coveredstatements="422" elements="788" coveredelements="550"/>
  </project>
</coverage>
